[2025-06-13T18:17:02.340+0000] {manager.py:487} INFO - Processing files using up to 2 processes at a time 
[2025-06-13T18:17:02.342+0000] {manager.py:488} INFO - Process each file at most once every 30 seconds
[2025-06-13T18:17:02.343+0000] {manager.py:489} INFO - Checking for new files in /opt/airflow/dags every 300 seconds
[2025-06-13T18:17:02.345+0000] {manager.py:759} INFO - Searching for files in /opt/airflow/dags
[2025-06-13T18:17:02.360+0000] {manager.py:762} INFO - There are 1 files in /opt/airflow/dags
[2025-06-13T18:17:02.529+0000] {manager.py:893} INFO - 
================================================================================
DAG File Processing Stats

File Path                            PID  Runtime      # DAGs    # Errors  Last Runtime    Last Run
---------------------------------  -----  ---------  --------  ----------  --------------  ----------
/opt/airflow/dags/etl_pipeline.py    174  0.07s             0           0
================================================================================
[2025-06-13T18:17:32.688+0000] {manager.py:893} INFO - 
================================================================================
DAG File Processing Stats

File Path                          PID    Runtime      # DAGs    # Errors  Last Runtime    Last Run
---------------------------------  -----  ---------  --------  ----------  --------------  -------------------
/opt/airflow/dags/etl_pipeline.py                           1           0  0.82s           2025-06-13T18:17:03
================================================================================
[2025-06-13T18:18:03.304+0000] {manager.py:893} INFO - 
================================================================================
DAG File Processing Stats

File Path                          PID    Runtime      # DAGs    # Errors  Last Runtime    Last Run
---------------------------------  -----  ---------  --------  ----------  --------------  -------------------
/opt/airflow/dags/etl_pipeline.py                           1           0  0.32s           2025-06-13T18:17:34
================================================================================
[2025-06-13T18:18:33.915+0000] {manager.py:893} INFO - 
================================================================================
DAG File Processing Stats

File Path                          PID    Runtime      # DAGs    # Errors  Last Runtime    Last Run
---------------------------------  -----  ---------  --------  ----------  --------------  -------------------
/opt/airflow/dags/etl_pipeline.py                           1           0  0.18s           2025-06-13T18:18:04
================================================================================
[2025-06-13T18:19:04.432+0000] {manager.py:893} INFO - 
================================================================================
DAG File Processing Stats

File Path                          PID    Runtime      # DAGs    # Errors  Last Runtime    Last Run
---------------------------------  -----  ---------  --------  ----------  --------------  -------------------
/opt/airflow/dags/etl_pipeline.py                           1           0  0.30s           2025-06-13T18:18:35
================================================================================
[2025-06-13T18:19:35.094+0000] {manager.py:893} INFO - 
================================================================================
DAG File Processing Stats

File Path                          PID    Runtime      # DAGs    # Errors  Last Runtime    Last Run
---------------------------------  -----  ---------  --------  ----------  --------------  -------------------
/opt/airflow/dags/etl_pipeline.py                           1           0  0.61s           2025-06-13T18:19:06
================================================================================
[2025-06-13T18:20:05.979+0000] {manager.py:893} INFO - 
================================================================================
DAG File Processing Stats

File Path                          PID    Runtime      # DAGs    # Errors  Last Runtime    Last Run
---------------------------------  -----  ---------  --------  ----------  --------------  -------------------
/opt/airflow/dags/etl_pipeline.py                           1           0  0.38s           2025-06-13T18:19:36
================================================================================
[2025-06-13T18:20:36.442+0000] {manager.py:893} INFO - 
================================================================================
DAG File Processing Stats

File Path                          PID    Runtime      # DAGs    # Errors  Last Runtime    Last Run
---------------------------------  -----  ---------  --------  ----------  --------------  -------------------
/opt/airflow/dags/etl_pipeline.py                           1           0  0.34s           2025-06-13T18:20:07
================================================================================
[2025-06-13T18:21:07.179+0000] {manager.py:893} INFO - 
================================================================================
DAG File Processing Stats

File Path                          PID    Runtime      # DAGs    # Errors  Last Runtime    Last Run
---------------------------------  -----  ---------  --------  ----------  --------------  -------------------
/opt/airflow/dags/etl_pipeline.py                           1           0  0.16s           2025-06-13T18:20:37
================================================================================
[2025-06-13T18:21:37.745+0000] {manager.py:893} INFO - 
================================================================================
DAG File Processing Stats

File Path                          PID    Runtime      # DAGs    # Errors  Last Runtime    Last Run
---------------------------------  -----  ---------  --------  ----------  --------------  -------------------
/opt/airflow/dags/etl_pipeline.py                           1           0  0.36s           2025-06-13T18:21:08
================================================================================
[2025-06-13T18:22:02.371+0000] {manager.py:759} INFO - Searching for files in /opt/airflow/dags
[2025-06-13T18:22:02.431+0000] {manager.py:762} INFO - There are 1 files in /opt/airflow/dags
[2025-06-13T18:22:08.216+0000] {manager.py:893} INFO - 
================================================================================
DAG File Processing Stats

File Path                          PID    Runtime      # DAGs    # Errors  Last Runtime    Last Run
---------------------------------  -----  ---------  --------  ----------  --------------  -------------------
/opt/airflow/dags/etl_pipeline.py                           1           0  0.21s           2025-06-13T18:21:38
================================================================================
[2025-06-13T18:22:38.950+0000] {manager.py:893} INFO - 
================================================================================
DAG File Processing Stats

File Path                          PID    Runtime      # DAGs    # Errors  Last Runtime    Last Run
---------------------------------  -----  ---------  --------  ----------  --------------  -------------------
/opt/airflow/dags/etl_pipeline.py                           1           0  0.29s           2025-06-13T18:22:09
================================================================================
[2025-06-13T18:23:09.460+0000] {manager.py:893} INFO - 
================================================================================
DAG File Processing Stats

File Path                          PID    Runtime      # DAGs    # Errors  Last Runtime    Last Run
---------------------------------  -----  ---------  --------  ----------  --------------  -------------------
/opt/airflow/dags/etl_pipeline.py                           1           0  0.18s           2025-06-13T18:22:40
================================================================================
[2025-06-13T18:23:40.046+0000] {manager.py:893} INFO - 
================================================================================
DAG File Processing Stats

File Path                          PID    Runtime      # DAGs    # Errors  Last Runtime    Last Run
---------------------------------  -----  ---------  --------  ----------  --------------  -------------------
/opt/airflow/dags/etl_pipeline.py                           1           0  0.16s           2025-06-13T18:23:10
================================================================================
[2025-06-13T18:24:10.597+0000] {manager.py:893} INFO - 
================================================================================
DAG File Processing Stats

File Path                          PID    Runtime      # DAGs    # Errors  Last Runtime    Last Run
---------------------------------  -----  ---------  --------  ----------  --------------  -------------------
/opt/airflow/dags/etl_pipeline.py                           1           0  0.24s           2025-06-13T18:23:41
================================================================================
[2025-06-13T18:24:41.200+0000] {manager.py:893} INFO - 
================================================================================
DAG File Processing Stats

File Path                          PID    Runtime      # DAGs    # Errors  Last Runtime    Last Run
---------------------------------  -----  ---------  --------  ----------  --------------  -------------------
/opt/airflow/dags/etl_pipeline.py                           1           0  0.21s           2025-06-13T18:24:11
================================================================================
[2025-06-13T18:25:11.689+0000] {manager.py:893} INFO - 
================================================================================
DAG File Processing Stats

File Path                          PID    Runtime      # DAGs    # Errors  Last Runtime    Last Run
---------------------------------  -----  ---------  --------  ----------  --------------  -------------------
/opt/airflow/dags/etl_pipeline.py                           1           0  0.22s           2025-06-13T18:24:42
================================================================================
[2025-06-13T18:25:42.365+0000] {manager.py:893} INFO - 
================================================================================
DAG File Processing Stats

File Path                          PID    Runtime      # DAGs    # Errors  Last Runtime    Last Run
---------------------------------  -----  ---------  --------  ----------  --------------  -------------------
/opt/airflow/dags/etl_pipeline.py                           1           0  0.28s           2025-06-13T18:25:13
================================================================================
[2025-06-13T18:26:12.923+0000] {manager.py:893} INFO - 
================================================================================
DAG File Processing Stats

File Path                          PID    Runtime      # DAGs    # Errors  Last Runtime    Last Run
---------------------------------  -----  ---------  --------  ----------  --------------  -------------------
/opt/airflow/dags/etl_pipeline.py                           1           0  0.23s           2025-06-13T18:25:43
================================================================================
[2025-06-13T18:26:43.529+0000] {manager.py:893} INFO - 
================================================================================
DAG File Processing Stats

File Path                          PID    Runtime      # DAGs    # Errors  Last Runtime    Last Run
---------------------------------  -----  ---------  --------  ----------  --------------  -------------------
/opt/airflow/dags/etl_pipeline.py                           1           0  0.27s           2025-06-13T18:26:14
================================================================================
[2025-06-13T18:27:03.006+0000] {manager.py:759} INFO - Searching for files in /opt/airflow/dags
[2025-06-13T18:27:03.059+0000] {manager.py:762} INFO - There are 1 files in /opt/airflow/dags
[2025-06-13T18:27:14.165+0000] {manager.py:893} INFO - 
================================================================================
DAG File Processing Stats

File Path                          PID    Runtime      # DAGs    # Errors  Last Runtime    Last Run
---------------------------------  -----  ---------  --------  ----------  --------------  -------------------
/opt/airflow/dags/etl_pipeline.py                           1           0  0.20s           2025-06-13T18:26:44
================================================================================
[2025-06-13T18:27:44.657+0000] {manager.py:893} INFO - 
================================================================================
DAG File Processing Stats

File Path                          PID    Runtime      # DAGs    # Errors  Last Runtime    Last Run
---------------------------------  -----  ---------  --------  ----------  --------------  -------------------
/opt/airflow/dags/etl_pipeline.py                           1           0  0.18s           2025-06-13T18:27:15
================================================================================
[2025-06-13T18:28:15.213+0000] {manager.py:893} INFO - 
================================================================================
DAG File Processing Stats

File Path                          PID    Runtime      # DAGs    # Errors  Last Runtime    Last Run
---------------------------------  -----  ---------  --------  ----------  --------------  -------------------
/opt/airflow/dags/etl_pipeline.py                           1           0  0.22s           2025-06-13T18:27:45
================================================================================
