[2025-06-14T01:48:01.405+0000] {processor.py:157} INFO - Started process (PID=172) to work on /opt/airflow/dags/etl_pipeline.py
[2025-06-14T01:48:01.406+0000] {processor.py:829} INFO - Processing file /opt/airflow/dags/etl_pipeline.py for tasks to queue
[2025-06-14T01:48:01.406+0000] {logging_mixin.py:151} INFO - [2025-06-14T01:48:01.406+0000] {dagbag.py:539} INFO - Filling up the DagBag from /opt/airflow/dags/etl_pipeline.py
[2025-06-14T01:48:01.446+0000] {processor.py:839} INFO - DAG(s) dict_keys(['etl_pipeline']) retrieved from /opt/airflow/dags/etl_pipeline.py
[2025-06-14T01:48:01.729+0000] {logging_mixin.py:151} INFO - [2025-06-14T01:48:01.728+0000] {manager.py:499} INFO - Created Permission View: %s
[2025-06-14T01:48:01.740+0000] {logging_mixin.py:151} INFO - [2025-06-14T01:48:01.740+0000] {manager.py:499} INFO - Created Permission View: %s
[2025-06-14T01:48:01.747+0000] {logging_mixin.py:151} INFO - [2025-06-14T01:48:01.747+0000] {manager.py:499} INFO - Created Permission View: %s
[2025-06-14T01:48:01.748+0000] {logging_mixin.py:151} INFO - [2025-06-14T01:48:01.748+0000] {security.py:708} INFO - Not syncing DAG-level permissions for DAG 'DAG:etl_pipeline' as access control is unset.
[2025-06-14T01:48:01.748+0000] {logging_mixin.py:151} INFO - [2025-06-14T01:48:01.748+0000] {dag.py:2915} INFO - Sync 1 DAGs
[2025-06-14T01:48:01.762+0000] {logging_mixin.py:151} INFO - [2025-06-14T01:48:01.762+0000] {dag.py:2937} INFO - Creating ORM DAG for etl_pipeline
[2025-06-14T01:48:01.773+0000] {logging_mixin.py:151} INFO - [2025-06-14T01:48:01.772+0000] {dag.py:3696} INFO - Setting next_dagrun for etl_pipeline to 2025-06-13T19:48:01.772726+00:00, run_after=2025-06-14T01:48:01.772726+00:00
[2025-06-14T01:48:01.800+0000] {processor.py:179} INFO - Processing /opt/airflow/dags/etl_pipeline.py took 0.398 seconds
[2025-06-14T01:48:31.932+0000] {processor.py:157} INFO - Started process (PID=198) to work on /opt/airflow/dags/etl_pipeline.py
[2025-06-14T01:48:31.933+0000] {processor.py:829} INFO - Processing file /opt/airflow/dags/etl_pipeline.py for tasks to queue
[2025-06-14T01:48:31.933+0000] {logging_mixin.py:151} INFO - [2025-06-14T01:48:31.933+0000] {dagbag.py:539} INFO - Filling up the DagBag from /opt/airflow/dags/etl_pipeline.py
[2025-06-14T01:48:31.942+0000] {processor.py:839} INFO - DAG(s) dict_keys(['etl_pipeline']) retrieved from /opt/airflow/dags/etl_pipeline.py
[2025-06-14T01:48:31.965+0000] {logging_mixin.py:151} INFO - [2025-06-14T01:48:31.965+0000] {dag.py:2915} INFO - Sync 1 DAGs
[2025-06-14T01:48:31.981+0000] {logging_mixin.py:151} INFO - [2025-06-14T01:48:31.981+0000] {dag.py:3696} INFO - Setting next_dagrun for etl_pipeline to 2025-06-13T19:48:31.981499+00:00, run_after=2025-06-14T01:48:31.981499+00:00
[2025-06-14T01:48:31.995+0000] {processor.py:179} INFO - Processing /opt/airflow/dags/etl_pipeline.py took 0.066 seconds
[2025-06-14T01:49:02.044+0000] {processor.py:157} INFO - Started process (PID=217) to work on /opt/airflow/dags/etl_pipeline.py
[2025-06-14T01:49:02.044+0000] {processor.py:829} INFO - Processing file /opt/airflow/dags/etl_pipeline.py for tasks to queue
[2025-06-14T01:49:02.045+0000] {logging_mixin.py:151} INFO - [2025-06-14T01:49:02.044+0000] {dagbag.py:539} INFO - Filling up the DagBag from /opt/airflow/dags/etl_pipeline.py
[2025-06-14T01:49:02.053+0000] {processor.py:839} INFO - DAG(s) dict_keys(['etl_pipeline']) retrieved from /opt/airflow/dags/etl_pipeline.py
[2025-06-14T01:49:02.075+0000] {logging_mixin.py:151} INFO - [2025-06-14T01:49:02.075+0000] {dag.py:2915} INFO - Sync 1 DAGs
[2025-06-14T01:49:02.091+0000] {logging_mixin.py:151} INFO - [2025-06-14T01:49:02.091+0000] {dag.py:3696} INFO - Setting next_dagrun for etl_pipeline to 2025-06-13T19:49:02.091580+00:00, run_after=2025-06-14T01:49:02.091580+00:00
[2025-06-14T01:49:02.106+0000] {processor.py:179} INFO - Processing /opt/airflow/dags/etl_pipeline.py took 0.065 seconds
[2025-06-14T01:49:45.829+0000] {processor.py:157} INFO - Started process (PID=170) to work on /opt/airflow/dags/etl_pipeline.py
[2025-06-14T01:49:45.831+0000] {processor.py:829} INFO - Processing file /opt/airflow/dags/etl_pipeline.py for tasks to queue
[2025-06-14T01:49:45.832+0000] {logging_mixin.py:151} INFO - [2025-06-14T01:49:45.831+0000] {dagbag.py:539} INFO - Filling up the DagBag from /opt/airflow/dags/etl_pipeline.py
[2025-06-14T01:49:45.861+0000] {processor.py:839} INFO - DAG(s) dict_keys(['etl_pipeline']) retrieved from /opt/airflow/dags/etl_pipeline.py
[2025-06-14T01:49:45.916+0000] {logging_mixin.py:151} INFO - [2025-06-14T01:49:45.915+0000] {dag.py:2915} INFO - Sync 1 DAGs
[2025-06-14T01:49:45.941+0000] {logging_mixin.py:151} INFO - [2025-06-14T01:49:45.940+0000] {dag.py:3696} INFO - Setting next_dagrun for etl_pipeline to 2025-06-13T19:49:45.940591+00:00, run_after=2025-06-14T01:49:45.940591+00:00
[2025-06-14T01:49:45.962+0000] {processor.py:179} INFO - Processing /opt/airflow/dags/etl_pipeline.py took 0.136 seconds
[2025-06-14T01:50:16.089+0000] {processor.py:157} INFO - Started process (PID=196) to work on /opt/airflow/dags/etl_pipeline.py
[2025-06-14T01:50:16.090+0000] {processor.py:829} INFO - Processing file /opt/airflow/dags/etl_pipeline.py for tasks to queue
[2025-06-14T01:50:16.090+0000] {logging_mixin.py:151} INFO - [2025-06-14T01:50:16.090+0000] {dagbag.py:539} INFO - Filling up the DagBag from /opt/airflow/dags/etl_pipeline.py
[2025-06-14T01:50:16.104+0000] {processor.py:839} INFO - DAG(s) dict_keys(['etl_pipeline']) retrieved from /opt/airflow/dags/etl_pipeline.py
[2025-06-14T01:50:16.129+0000] {logging_mixin.py:151} INFO - [2025-06-14T01:50:16.129+0000] {dag.py:2915} INFO - Sync 1 DAGs
[2025-06-14T01:50:16.147+0000] {logging_mixin.py:151} INFO - [2025-06-14T01:50:16.146+0000] {dag.py:3696} INFO - Setting next_dagrun for etl_pipeline to 2025-06-13T19:50:16.146736+00:00, run_after=2025-06-14T01:50:16.146736+00:00
[2025-06-14T01:50:16.163+0000] {processor.py:179} INFO - Processing /opt/airflow/dags/etl_pipeline.py took 0.077 seconds
[2025-06-14T01:50:46.220+0000] {processor.py:157} INFO - Started process (PID=215) to work on /opt/airflow/dags/etl_pipeline.py
[2025-06-14T01:50:46.221+0000] {processor.py:829} INFO - Processing file /opt/airflow/dags/etl_pipeline.py for tasks to queue
[2025-06-14T01:50:46.221+0000] {logging_mixin.py:151} INFO - [2025-06-14T01:50:46.221+0000] {dagbag.py:539} INFO - Filling up the DagBag from /opt/airflow/dags/etl_pipeline.py
[2025-06-14T01:50:46.232+0000] {processor.py:839} INFO - DAG(s) dict_keys(['etl_pipeline']) retrieved from /opt/airflow/dags/etl_pipeline.py
[2025-06-14T01:50:46.261+0000] {logging_mixin.py:151} INFO - [2025-06-14T01:50:46.261+0000] {dag.py:2915} INFO - Sync 1 DAGs
[2025-06-14T01:50:46.282+0000] {logging_mixin.py:151} INFO - [2025-06-14T01:50:46.282+0000] {dag.py:3696} INFO - Setting next_dagrun for etl_pipeline to 2025-06-13T19:50:46.282038+00:00, run_after=2025-06-14T01:50:46.282038+00:00
[2025-06-14T01:50:46.297+0000] {processor.py:179} INFO - Processing /opt/airflow/dags/etl_pipeline.py took 0.080 seconds
[2025-06-14T01:51:16.372+0000] {processor.py:157} INFO - Started process (PID=241) to work on /opt/airflow/dags/etl_pipeline.py
[2025-06-14T01:51:16.373+0000] {processor.py:829} INFO - Processing file /opt/airflow/dags/etl_pipeline.py for tasks to queue
[2025-06-14T01:51:16.373+0000] {logging_mixin.py:151} INFO - [2025-06-14T01:51:16.373+0000] {dagbag.py:539} INFO - Filling up the DagBag from /opt/airflow/dags/etl_pipeline.py
[2025-06-14T01:51:16.382+0000] {processor.py:839} INFO - DAG(s) dict_keys(['etl_pipeline']) retrieved from /opt/airflow/dags/etl_pipeline.py
[2025-06-14T01:51:16.403+0000] {logging_mixin.py:151} INFO - [2025-06-14T01:51:16.403+0000] {dag.py:2915} INFO - Sync 1 DAGs
[2025-06-14T01:51:16.419+0000] {logging_mixin.py:151} INFO - [2025-06-14T01:51:16.418+0000] {dag.py:3696} INFO - Setting next_dagrun for etl_pipeline to 2025-06-13T19:51:16.418795+00:00, run_after=2025-06-14T01:51:16.418795+00:00
[2025-06-14T01:51:16.532+0000] {processor.py:179} INFO - Processing /opt/airflow/dags/etl_pipeline.py took 0.163 seconds
[2025-06-14T01:51:46.646+0000] {processor.py:157} INFO - Started process (PID=260) to work on /opt/airflow/dags/etl_pipeline.py
[2025-06-14T01:51:46.647+0000] {processor.py:829} INFO - Processing file /opt/airflow/dags/etl_pipeline.py for tasks to queue
[2025-06-14T01:51:46.648+0000] {logging_mixin.py:151} INFO - [2025-06-14T01:51:46.648+0000] {dagbag.py:539} INFO - Filling up the DagBag from /opt/airflow/dags/etl_pipeline.py
[2025-06-14T01:51:46.657+0000] {processor.py:839} INFO - DAG(s) dict_keys(['etl_pipeline']) retrieved from /opt/airflow/dags/etl_pipeline.py
[2025-06-14T01:51:46.680+0000] {logging_mixin.py:151} INFO - [2025-06-14T01:51:46.680+0000] {dag.py:2915} INFO - Sync 1 DAGs
[2025-06-14T01:51:46.800+0000] {logging_mixin.py:151} INFO - [2025-06-14T01:51:46.799+0000] {dag.py:3696} INFO - Setting next_dagrun for etl_pipeline to 2025-06-13T19:51:46.799653+00:00, run_after=2025-06-14T01:51:46.799653+00:00
[2025-06-14T01:51:46.813+0000] {processor.py:179} INFO - Processing /opt/airflow/dags/etl_pipeline.py took 0.170 seconds
[2025-06-14T01:52:16.929+0000] {processor.py:157} INFO - Started process (PID=286) to work on /opt/airflow/dags/etl_pipeline.py
[2025-06-14T01:52:16.930+0000] {processor.py:829} INFO - Processing file /opt/airflow/dags/etl_pipeline.py for tasks to queue
[2025-06-14T01:52:16.931+0000] {logging_mixin.py:151} INFO - [2025-06-14T01:52:16.930+0000] {dagbag.py:539} INFO - Filling up the DagBag from /opt/airflow/dags/etl_pipeline.py
[2025-06-14T01:52:16.939+0000] {processor.py:839} INFO - DAG(s) dict_keys(['etl_pipeline']) retrieved from /opt/airflow/dags/etl_pipeline.py
[2025-06-14T01:52:16.963+0000] {logging_mixin.py:151} INFO - [2025-06-14T01:52:16.962+0000] {dag.py:2915} INFO - Sync 1 DAGs
[2025-06-14T01:52:17.078+0000] {logging_mixin.py:151} INFO - [2025-06-14T01:52:17.078+0000] {dag.py:3696} INFO - Setting next_dagrun for etl_pipeline to 2025-06-13T19:52:17.078441+00:00, run_after=2025-06-14T01:52:17.078441+00:00
[2025-06-14T01:52:17.092+0000] {processor.py:179} INFO - Processing /opt/airflow/dags/etl_pipeline.py took 0.165 seconds
[2025-06-14T01:52:47.203+0000] {processor.py:157} INFO - Started process (PID=305) to work on /opt/airflow/dags/etl_pipeline.py
[2025-06-14T01:52:47.204+0000] {processor.py:829} INFO - Processing file /opt/airflow/dags/etl_pipeline.py for tasks to queue
[2025-06-14T01:52:47.204+0000] {logging_mixin.py:151} INFO - [2025-06-14T01:52:47.204+0000] {dagbag.py:539} INFO - Filling up the DagBag from /opt/airflow/dags/etl_pipeline.py
[2025-06-14T01:52:47.214+0000] {processor.py:839} INFO - DAG(s) dict_keys(['etl_pipeline']) retrieved from /opt/airflow/dags/etl_pipeline.py
[2025-06-14T01:52:47.342+0000] {logging_mixin.py:151} INFO - [2025-06-14T01:52:47.342+0000] {dag.py:2915} INFO - Sync 1 DAGs
[2025-06-14T01:52:47.357+0000] {logging_mixin.py:151} INFO - [2025-06-14T01:52:47.357+0000] {dag.py:3696} INFO - Setting next_dagrun for etl_pipeline to 2025-06-13T19:52:47.357060+00:00, run_after=2025-06-14T01:52:47.357060+00:00
[2025-06-14T01:52:47.370+0000] {processor.py:179} INFO - Processing /opt/airflow/dags/etl_pipeline.py took 0.169 seconds
[2025-06-14T01:53:17.483+0000] {processor.py:157} INFO - Started process (PID=331) to work on /opt/airflow/dags/etl_pipeline.py
[2025-06-14T01:53:17.484+0000] {processor.py:829} INFO - Processing file /opt/airflow/dags/etl_pipeline.py for tasks to queue
[2025-06-14T01:53:17.485+0000] {logging_mixin.py:151} INFO - [2025-06-14T01:53:17.484+0000] {dagbag.py:539} INFO - Filling up the DagBag from /opt/airflow/dags/etl_pipeline.py
[2025-06-14T01:53:17.620+0000] {processor.py:839} INFO - DAG(s) dict_keys(['etl_pipeline']) retrieved from /opt/airflow/dags/etl_pipeline.py
[2025-06-14T01:53:17.641+0000] {logging_mixin.py:151} INFO - [2025-06-14T01:53:17.641+0000] {dag.py:2915} INFO - Sync 1 DAGs
[2025-06-14T01:53:17.660+0000] {logging_mixin.py:151} INFO - [2025-06-14T01:53:17.659+0000] {dag.py:3696} INFO - Setting next_dagrun for etl_pipeline to 2025-06-13T19:53:17.659508+00:00, run_after=2025-06-14T01:53:17.659508+00:00
[2025-06-14T01:53:17.674+0000] {processor.py:179} INFO - Processing /opt/airflow/dags/etl_pipeline.py took 0.193 seconds
[2025-06-14T01:53:47.916+0000] {processor.py:157} INFO - Started process (PID=357) to work on /opt/airflow/dags/etl_pipeline.py
[2025-06-14T01:53:47.917+0000] {processor.py:829} INFO - Processing file /opt/airflow/dags/etl_pipeline.py for tasks to queue
[2025-06-14T01:53:47.918+0000] {logging_mixin.py:151} INFO - [2025-06-14T01:53:47.918+0000] {dagbag.py:539} INFO - Filling up the DagBag from /opt/airflow/dags/etl_pipeline.py
[2025-06-14T01:53:47.933+0000] {processor.py:839} INFO - DAG(s) dict_keys(['etl_pipeline']) retrieved from /opt/airflow/dags/etl_pipeline.py
[2025-06-14T01:53:47.971+0000] {logging_mixin.py:151} INFO - [2025-06-14T01:53:47.971+0000] {dag.py:2915} INFO - Sync 1 DAGs
[2025-06-14T01:53:47.995+0000] {logging_mixin.py:151} INFO - [2025-06-14T01:53:47.995+0000] {dag.py:3696} INFO - Setting next_dagrun for etl_pipeline to 2025-06-13T19:53:47.995123+00:00, run_after=2025-06-14T01:53:47.995123+00:00
[2025-06-14T01:53:48.016+0000] {processor.py:179} INFO - Processing /opt/airflow/dags/etl_pipeline.py took 0.107 seconds
[2025-06-14T01:54:18.133+0000] {processor.py:157} INFO - Started process (PID=376) to work on /opt/airflow/dags/etl_pipeline.py
[2025-06-14T01:54:18.134+0000] {processor.py:829} INFO - Processing file /opt/airflow/dags/etl_pipeline.py for tasks to queue
[2025-06-14T01:54:18.135+0000] {logging_mixin.py:151} INFO - [2025-06-14T01:54:18.134+0000] {dagbag.py:539} INFO - Filling up the DagBag from /opt/airflow/dags/etl_pipeline.py
[2025-06-14T01:54:18.144+0000] {processor.py:839} INFO - DAG(s) dict_keys(['etl_pipeline']) retrieved from /opt/airflow/dags/etl_pipeline.py
[2025-06-14T01:54:18.167+0000] {logging_mixin.py:151} INFO - [2025-06-14T01:54:18.167+0000] {dag.py:2915} INFO - Sync 1 DAGs
[2025-06-14T01:54:18.184+0000] {logging_mixin.py:151} INFO - [2025-06-14T01:54:18.184+0000] {dag.py:3696} INFO - Setting next_dagrun for etl_pipeline to 2025-06-13T19:54:18.183881+00:00, run_after=2025-06-14T01:54:18.183881+00:00
[2025-06-14T01:54:18.197+0000] {processor.py:179} INFO - Processing /opt/airflow/dags/etl_pipeline.py took 0.066 seconds
[2025-06-14T01:54:48.262+0000] {processor.py:157} INFO - Started process (PID=402) to work on /opt/airflow/dags/etl_pipeline.py
[2025-06-14T01:54:48.263+0000] {processor.py:829} INFO - Processing file /opt/airflow/dags/etl_pipeline.py for tasks to queue
[2025-06-14T01:54:48.263+0000] {logging_mixin.py:151} INFO - [2025-06-14T01:54:48.263+0000] {dagbag.py:539} INFO - Filling up the DagBag from /opt/airflow/dags/etl_pipeline.py
[2025-06-14T01:54:48.274+0000] {processor.py:839} INFO - DAG(s) dict_keys(['etl_pipeline']) retrieved from /opt/airflow/dags/etl_pipeline.py
[2025-06-14T01:54:48.300+0000] {logging_mixin.py:151} INFO - [2025-06-14T01:54:48.300+0000] {dag.py:2915} INFO - Sync 1 DAGs
[2025-06-14T01:54:48.316+0000] {logging_mixin.py:151} INFO - [2025-06-14T01:54:48.316+0000] {dag.py:3696} INFO - Setting next_dagrun for etl_pipeline to 2025-06-13T19:54:48.316356+00:00, run_after=2025-06-14T01:54:48.316356+00:00
[2025-06-14T01:54:48.330+0000] {processor.py:179} INFO - Processing /opt/airflow/dags/etl_pipeline.py took 0.072 seconds
[2025-06-14T01:55:18.407+0000] {processor.py:157} INFO - Started process (PID=421) to work on /opt/airflow/dags/etl_pipeline.py
[2025-06-14T01:55:18.407+0000] {processor.py:829} INFO - Processing file /opt/airflow/dags/etl_pipeline.py for tasks to queue
[2025-06-14T01:55:18.408+0000] {logging_mixin.py:151} INFO - [2025-06-14T01:55:18.408+0000] {dagbag.py:539} INFO - Filling up the DagBag from /opt/airflow/dags/etl_pipeline.py
[2025-06-14T01:55:18.418+0000] {processor.py:839} INFO - DAG(s) dict_keys(['etl_pipeline']) retrieved from /opt/airflow/dags/etl_pipeline.py
[2025-06-14T01:55:18.442+0000] {logging_mixin.py:151} INFO - [2025-06-14T01:55:18.442+0000] {dag.py:2915} INFO - Sync 1 DAGs
[2025-06-14T01:55:18.462+0000] {logging_mixin.py:151} INFO - [2025-06-14T01:55:18.462+0000] {dag.py:3696} INFO - Setting next_dagrun for etl_pipeline to 2025-06-13T19:55:18.462434+00:00, run_after=2025-06-14T01:55:18.462434+00:00
[2025-06-14T01:55:18.478+0000] {processor.py:179} INFO - Processing /opt/airflow/dags/etl_pipeline.py took 0.074 seconds
[2025-06-14T01:55:48.550+0000] {processor.py:157} INFO - Started process (PID=447) to work on /opt/airflow/dags/etl_pipeline.py
[2025-06-14T01:55:48.551+0000] {processor.py:829} INFO - Processing file /opt/airflow/dags/etl_pipeline.py for tasks to queue
[2025-06-14T01:55:48.551+0000] {logging_mixin.py:151} INFO - [2025-06-14T01:55:48.551+0000] {dagbag.py:539} INFO - Filling up the DagBag from /opt/airflow/dags/etl_pipeline.py
[2025-06-14T01:55:48.561+0000] {processor.py:839} INFO - DAG(s) dict_keys(['etl_pipeline']) retrieved from /opt/airflow/dags/etl_pipeline.py
[2025-06-14T01:55:48.587+0000] {logging_mixin.py:151} INFO - [2025-06-14T01:55:48.587+0000] {dag.py:2915} INFO - Sync 1 DAGs
[2025-06-14T01:55:48.604+0000] {logging_mixin.py:151} INFO - [2025-06-14T01:55:48.604+0000] {dag.py:3696} INFO - Setting next_dagrun for etl_pipeline to 2025-06-13T19:55:48.603915+00:00, run_after=2025-06-14T01:55:48.603915+00:00
[2025-06-14T01:55:48.618+0000] {processor.py:179} INFO - Processing /opt/airflow/dags/etl_pipeline.py took 0.070 seconds
[2025-06-14T01:56:18.696+0000] {processor.py:157} INFO - Started process (PID=466) to work on /opt/airflow/dags/etl_pipeline.py
[2025-06-14T01:56:18.696+0000] {processor.py:829} INFO - Processing file /opt/airflow/dags/etl_pipeline.py for tasks to queue
[2025-06-14T01:56:18.697+0000] {logging_mixin.py:151} INFO - [2025-06-14T01:56:18.697+0000] {dagbag.py:539} INFO - Filling up the DagBag from /opt/airflow/dags/etl_pipeline.py
[2025-06-14T01:56:18.707+0000] {processor.py:839} INFO - DAG(s) dict_keys(['etl_pipeline']) retrieved from /opt/airflow/dags/etl_pipeline.py
[2025-06-14T01:56:18.732+0000] {logging_mixin.py:151} INFO - [2025-06-14T01:56:18.732+0000] {dag.py:2915} INFO - Sync 1 DAGs
[2025-06-14T01:56:18.748+0000] {logging_mixin.py:151} INFO - [2025-06-14T01:56:18.747+0000] {dag.py:3696} INFO - Setting next_dagrun for etl_pipeline to 2025-06-13T19:56:18.747825+00:00, run_after=2025-06-14T01:56:18.747825+00:00
[2025-06-14T01:56:18.761+0000] {processor.py:179} INFO - Processing /opt/airflow/dags/etl_pipeline.py took 0.069 seconds
[2025-06-14T01:56:48.827+0000] {processor.py:157} INFO - Started process (PID=492) to work on /opt/airflow/dags/etl_pipeline.py
[2025-06-14T01:56:48.828+0000] {processor.py:829} INFO - Processing file /opt/airflow/dags/etl_pipeline.py for tasks to queue
[2025-06-14T01:56:48.828+0000] {logging_mixin.py:151} INFO - [2025-06-14T01:56:48.828+0000] {dagbag.py:539} INFO - Filling up the DagBag from /opt/airflow/dags/etl_pipeline.py
[2025-06-14T01:56:48.837+0000] {processor.py:839} INFO - DAG(s) dict_keys(['etl_pipeline']) retrieved from /opt/airflow/dags/etl_pipeline.py
[2025-06-14T01:56:48.860+0000] {logging_mixin.py:151} INFO - [2025-06-14T01:56:48.860+0000] {dag.py:2915} INFO - Sync 1 DAGs
[2025-06-14T01:56:48.877+0000] {logging_mixin.py:151} INFO - [2025-06-14T01:56:48.877+0000] {dag.py:3696} INFO - Setting next_dagrun for etl_pipeline to 2025-06-13T19:56:48.876896+00:00, run_after=2025-06-14T01:56:48.876896+00:00
[2025-06-14T01:56:48.890+0000] {processor.py:179} INFO - Processing /opt/airflow/dags/etl_pipeline.py took 0.065 seconds
[2025-06-14T01:57:18.967+0000] {processor.py:157} INFO - Started process (PID=511) to work on /opt/airflow/dags/etl_pipeline.py
[2025-06-14T01:57:18.967+0000] {processor.py:829} INFO - Processing file /opt/airflow/dags/etl_pipeline.py for tasks to queue
[2025-06-14T01:57:18.968+0000] {logging_mixin.py:151} INFO - [2025-06-14T01:57:18.968+0000] {dagbag.py:539} INFO - Filling up the DagBag from /opt/airflow/dags/etl_pipeline.py
[2025-06-14T01:57:18.977+0000] {processor.py:839} INFO - DAG(s) dict_keys(['etl_pipeline']) retrieved from /opt/airflow/dags/etl_pipeline.py
[2025-06-14T01:57:18.999+0000] {logging_mixin.py:151} INFO - [2025-06-14T01:57:18.999+0000] {dag.py:2915} INFO - Sync 1 DAGs
[2025-06-14T01:57:19.015+0000] {logging_mixin.py:151} INFO - [2025-06-14T01:57:19.015+0000] {dag.py:3696} INFO - Setting next_dagrun for etl_pipeline to 2025-06-13T19:57:19.014937+00:00, run_after=2025-06-14T01:57:19.014937+00:00
[2025-06-14T01:57:19.028+0000] {processor.py:179} INFO - Processing /opt/airflow/dags/etl_pipeline.py took 0.064 seconds
[2025-06-14T01:57:49.087+0000] {processor.py:157} INFO - Started process (PID=537) to work on /opt/airflow/dags/etl_pipeline.py
[2025-06-14T01:57:49.088+0000] {processor.py:829} INFO - Processing file /opt/airflow/dags/etl_pipeline.py for tasks to queue
[2025-06-14T01:57:49.088+0000] {logging_mixin.py:151} INFO - [2025-06-14T01:57:49.088+0000] {dagbag.py:539} INFO - Filling up the DagBag from /opt/airflow/dags/etl_pipeline.py
[2025-06-14T01:57:49.097+0000] {processor.py:839} INFO - DAG(s) dict_keys(['etl_pipeline']) retrieved from /opt/airflow/dags/etl_pipeline.py
[2025-06-14T01:57:49.121+0000] {logging_mixin.py:151} INFO - [2025-06-14T01:57:49.121+0000] {dag.py:2915} INFO - Sync 1 DAGs
[2025-06-14T01:57:49.138+0000] {logging_mixin.py:151} INFO - [2025-06-14T01:57:49.137+0000] {dag.py:3696} INFO - Setting next_dagrun for etl_pipeline to 2025-06-13T19:57:49.137773+00:00, run_after=2025-06-14T01:57:49.137773+00:00
[2025-06-14T01:57:49.152+0000] {processor.py:179} INFO - Processing /opt/airflow/dags/etl_pipeline.py took 0.067 seconds
[2025-06-14T01:58:19.231+0000] {processor.py:157} INFO - Started process (PID=563) to work on /opt/airflow/dags/etl_pipeline.py
[2025-06-14T01:58:19.232+0000] {processor.py:829} INFO - Processing file /opt/airflow/dags/etl_pipeline.py for tasks to queue
[2025-06-14T01:58:19.232+0000] {logging_mixin.py:151} INFO - [2025-06-14T01:58:19.232+0000] {dagbag.py:539} INFO - Filling up the DagBag from /opt/airflow/dags/etl_pipeline.py
[2025-06-14T01:58:19.245+0000] {processor.py:839} INFO - DAG(s) dict_keys(['etl_pipeline']) retrieved from /opt/airflow/dags/etl_pipeline.py
[2025-06-14T01:58:19.276+0000] {logging_mixin.py:151} INFO - [2025-06-14T01:58:19.276+0000] {dag.py:2915} INFO - Sync 1 DAGs
[2025-06-14T01:58:19.299+0000] {logging_mixin.py:151} INFO - [2025-06-14T01:58:19.299+0000] {dag.py:3696} INFO - Setting next_dagrun for etl_pipeline to 2025-06-13T19:58:19.298900+00:00, run_after=2025-06-14T01:58:19.298900+00:00
[2025-06-14T01:58:19.316+0000] {processor.py:179} INFO - Processing /opt/airflow/dags/etl_pipeline.py took 0.089 seconds
[2025-06-14T01:58:49.351+0000] {processor.py:157} INFO - Started process (PID=582) to work on /opt/airflow/dags/etl_pipeline.py
[2025-06-14T01:58:49.351+0000] {processor.py:829} INFO - Processing file /opt/airflow/dags/etl_pipeline.py for tasks to queue
[2025-06-14T01:58:49.352+0000] {logging_mixin.py:151} INFO - [2025-06-14T01:58:49.352+0000] {dagbag.py:539} INFO - Filling up the DagBag from /opt/airflow/dags/etl_pipeline.py
[2025-06-14T01:58:49.361+0000] {processor.py:839} INFO - DAG(s) dict_keys(['etl_pipeline']) retrieved from /opt/airflow/dags/etl_pipeline.py
[2025-06-14T01:58:49.383+0000] {logging_mixin.py:151} INFO - [2025-06-14T01:58:49.383+0000] {dag.py:2915} INFO - Sync 1 DAGs
[2025-06-14T01:58:49.399+0000] {logging_mixin.py:151} INFO - [2025-06-14T01:58:49.399+0000] {dag.py:3696} INFO - Setting next_dagrun for etl_pipeline to 2025-06-13T19:58:49.399181+00:00, run_after=2025-06-14T01:58:49.399181+00:00
[2025-06-14T01:58:49.413+0000] {processor.py:179} INFO - Processing /opt/airflow/dags/etl_pipeline.py took 0.065 seconds
[2025-06-14T01:59:19.532+0000] {processor.py:157} INFO - Started process (PID=608) to work on /opt/airflow/dags/etl_pipeline.py
[2025-06-14T01:59:19.533+0000] {processor.py:829} INFO - Processing file /opt/airflow/dags/etl_pipeline.py for tasks to queue
[2025-06-14T01:59:19.534+0000] {logging_mixin.py:151} INFO - [2025-06-14T01:59:19.534+0000] {dagbag.py:539} INFO - Filling up the DagBag from /opt/airflow/dags/etl_pipeline.py
[2025-06-14T01:59:19.550+0000] {processor.py:839} INFO - DAG(s) dict_keys(['etl_pipeline']) retrieved from /opt/airflow/dags/etl_pipeline.py
[2025-06-14T01:59:19.585+0000] {logging_mixin.py:151} INFO - [2025-06-14T01:59:19.585+0000] {dag.py:2915} INFO - Sync 1 DAGs
[2025-06-14T01:59:19.612+0000] {logging_mixin.py:151} INFO - [2025-06-14T01:59:19.612+0000] {dag.py:3696} INFO - Setting next_dagrun for etl_pipeline to 2025-06-13T19:59:19.612291+00:00, run_after=2025-06-14T01:59:19.612291+00:00
[2025-06-14T01:59:19.633+0000] {processor.py:179} INFO - Processing /opt/airflow/dags/etl_pipeline.py took 0.104 seconds
[2025-06-14T01:59:49.752+0000] {processor.py:157} INFO - Started process (PID=627) to work on /opt/airflow/dags/etl_pipeline.py
[2025-06-14T01:59:49.753+0000] {processor.py:829} INFO - Processing file /opt/airflow/dags/etl_pipeline.py for tasks to queue
[2025-06-14T01:59:49.754+0000] {logging_mixin.py:151} INFO - [2025-06-14T01:59:49.754+0000] {dagbag.py:539} INFO - Filling up the DagBag from /opt/airflow/dags/etl_pipeline.py
[2025-06-14T01:59:49.763+0000] {processor.py:839} INFO - DAG(s) dict_keys(['etl_pipeline']) retrieved from /opt/airflow/dags/etl_pipeline.py
[2025-06-14T01:59:49.786+0000] {logging_mixin.py:151} INFO - [2025-06-14T01:59:49.786+0000] {dag.py:2915} INFO - Sync 1 DAGs
[2025-06-14T01:59:49.804+0000] {logging_mixin.py:151} INFO - [2025-06-14T01:59:49.803+0000] {dag.py:3696} INFO - Setting next_dagrun for etl_pipeline to 2025-06-13T19:59:49.803619+00:00, run_after=2025-06-14T01:59:49.803619+00:00
[2025-06-14T01:59:49.817+0000] {processor.py:179} INFO - Processing /opt/airflow/dags/etl_pipeline.py took 0.067 seconds
[2025-06-14T02:00:19.857+0000] {processor.py:157} INFO - Started process (PID=653) to work on /opt/airflow/dags/etl_pipeline.py
[2025-06-14T02:00:19.858+0000] {processor.py:829} INFO - Processing file /opt/airflow/dags/etl_pipeline.py for tasks to queue
[2025-06-14T02:00:19.858+0000] {logging_mixin.py:151} INFO - [2025-06-14T02:00:19.858+0000] {dagbag.py:539} INFO - Filling up the DagBag from /opt/airflow/dags/etl_pipeline.py
[2025-06-14T02:00:19.869+0000] {processor.py:839} INFO - DAG(s) dict_keys(['etl_pipeline']) retrieved from /opt/airflow/dags/etl_pipeline.py
[2025-06-14T02:00:19.893+0000] {logging_mixin.py:151} INFO - [2025-06-14T02:00:19.893+0000] {dag.py:2915} INFO - Sync 1 DAGs
[2025-06-14T02:00:19.910+0000] {logging_mixin.py:151} INFO - [2025-06-14T02:00:19.910+0000] {dag.py:3696} INFO - Setting next_dagrun for etl_pipeline to 2025-06-13T20:00:19.910450+00:00, run_after=2025-06-14T02:00:19.910450+00:00
[2025-06-14T02:00:19.925+0000] {processor.py:179} INFO - Processing /opt/airflow/dags/etl_pipeline.py took 0.070 seconds
[2025-06-14T02:00:50.038+0000] {processor.py:157} INFO - Started process (PID=672) to work on /opt/airflow/dags/etl_pipeline.py
[2025-06-14T02:00:50.039+0000] {processor.py:829} INFO - Processing file /opt/airflow/dags/etl_pipeline.py for tasks to queue
[2025-06-14T02:00:50.039+0000] {logging_mixin.py:151} INFO - [2025-06-14T02:00:50.039+0000] {dagbag.py:539} INFO - Filling up the DagBag from /opt/airflow/dags/etl_pipeline.py
[2025-06-14T02:00:50.049+0000] {processor.py:839} INFO - DAG(s) dict_keys(['etl_pipeline']) retrieved from /opt/airflow/dags/etl_pipeline.py
[2025-06-14T02:00:50.072+0000] {logging_mixin.py:151} INFO - [2025-06-14T02:00:50.072+0000] {dag.py:2915} INFO - Sync 1 DAGs
[2025-06-14T02:00:50.090+0000] {logging_mixin.py:151} INFO - [2025-06-14T02:00:50.090+0000] {dag.py:3696} INFO - Setting next_dagrun for etl_pipeline to 2025-06-13T20:00:50.089919+00:00, run_after=2025-06-14T02:00:50.089919+00:00
[2025-06-14T02:00:50.103+0000] {processor.py:179} INFO - Processing /opt/airflow/dags/etl_pipeline.py took 0.068 seconds
