[2025-06-13T18:17:02.487+0000] {processor.py:157} INFO - Started process (PID=174) to work on /opt/airflow/dags/etl_pipeline.py
[2025-06-13T18:17:02.490+0000] {processor.py:829} INFO - Processing file /opt/airflow/dags/etl_pipeline.py for tasks to queue
[2025-06-13T18:17:02.491+0000] {logging_mixin.py:151} INFO - [2025-06-13T18:17:02.491+0000] {dagbag.py:539} INFO - Filling up the DagBag from /opt/airflow/dags/etl_pipeline.py
[2025-06-13T18:17:02.551+0000] {processor.py:839} INFO - DAG(s) dict_keys(['etl_pipeline']) retrieved from /opt/airflow/dags/etl_pipeline.py
[2025-06-13T18:17:02.980+0000] {logging_mixin.py:151} INFO - [2025-06-13T18:17:02.980+0000] {manager.py:499} INFO - Created Permission View: %s
[2025-06-13T18:17:02.993+0000] {logging_mixin.py:151} INFO - [2025-06-13T18:17:02.993+0000] {manager.py:499} INFO - Created Permission View: %s
[2025-06-13T18:17:03.002+0000] {logging_mixin.py:151} INFO - [2025-06-13T18:17:03.002+0000] {manager.py:499} INFO - Created Permission View: %s
[2025-06-13T18:17:03.003+0000] {logging_mixin.py:151} INFO - [2025-06-13T18:17:03.003+0000] {security.py:708} INFO - Not syncing DAG-level permissions for DAG 'DAG:etl_pipeline' as access control is unset.
[2025-06-13T18:17:03.003+0000] {logging_mixin.py:151} INFO - [2025-06-13T18:17:03.003+0000] {dag.py:2915} INFO - Sync 1 DAGs
[2025-06-13T18:17:03.206+0000] {logging_mixin.py:151} INFO - [2025-06-13T18:17:03.206+0000] {dag.py:2937} INFO - Creating ORM DAG for etl_pipeline
[2025-06-13T18:17:03.223+0000] {logging_mixin.py:151} INFO - [2025-06-13T18:17:03.223+0000] {dag.py:3696} INFO - Setting next_dagrun for etl_pipeline to 2025-06-13T12:17:03.222178+00:00, run_after=2025-06-13T18:17:03.222178+00:00
[2025-06-13T18:17:03.256+0000] {processor.py:179} INFO - Processing /opt/airflow/dags/etl_pipeline.py took 0.773 seconds
[2025-06-13T18:17:33.798+0000] {processor.py:157} INFO - Started process (PID=200) to work on /opt/airflow/dags/etl_pipeline.py
[2025-06-13T18:17:33.800+0000] {processor.py:829} INFO - Processing file /opt/airflow/dags/etl_pipeline.py for tasks to queue
[2025-06-13T18:17:33.803+0000] {logging_mixin.py:151} INFO - [2025-06-13T18:17:33.802+0000] {dagbag.py:539} INFO - Filling up the DagBag from /opt/airflow/dags/etl_pipeline.py
[2025-06-13T18:17:33.873+0000] {processor.py:839} INFO - DAG(s) dict_keys(['etl_pipeline']) retrieved from /opt/airflow/dags/etl_pipeline.py
[2025-06-13T18:17:33.929+0000] {logging_mixin.py:151} INFO - [2025-06-13T18:17:33.929+0000] {dag.py:2915} INFO - Sync 1 DAGs
[2025-06-13T18:17:34.023+0000] {logging_mixin.py:151} INFO - [2025-06-13T18:17:34.022+0000] {dag.py:3696} INFO - Setting next_dagrun for etl_pipeline to 2025-06-13T12:17:34.022237+00:00, run_after=2025-06-13T18:17:34.022237+00:00
[2025-06-13T18:17:34.052+0000] {processor.py:179} INFO - Processing /opt/airflow/dags/etl_pipeline.py took 0.260 seconds
[2025-06-13T18:18:04.368+0000] {processor.py:157} INFO - Started process (PID=220) to work on /opt/airflow/dags/etl_pipeline.py
[2025-06-13T18:18:04.371+0000] {processor.py:829} INFO - Processing file /opt/airflow/dags/etl_pipeline.py for tasks to queue
[2025-06-13T18:18:04.373+0000] {logging_mixin.py:151} INFO - [2025-06-13T18:18:04.373+0000] {dagbag.py:539} INFO - Filling up the DagBag from /opt/airflow/dags/etl_pipeline.py
[2025-06-13T18:18:04.413+0000] {processor.py:839} INFO - DAG(s) dict_keys(['etl_pipeline']) retrieved from /opt/airflow/dags/etl_pipeline.py
[2025-06-13T18:18:04.459+0000] {logging_mixin.py:151} INFO - [2025-06-13T18:18:04.459+0000] {dag.py:2915} INFO - Sync 1 DAGs
[2025-06-13T18:18:04.487+0000] {logging_mixin.py:151} INFO - [2025-06-13T18:18:04.486+0000] {dag.py:3696} INFO - Setting next_dagrun for etl_pipeline to 2025-06-13T12:18:04.486547+00:00, run_after=2025-06-13T18:18:04.486547+00:00
[2025-06-13T18:18:04.506+0000] {processor.py:179} INFO - Processing /opt/airflow/dags/etl_pipeline.py took 0.142 seconds
[2025-06-13T18:18:35.016+0000] {processor.py:157} INFO - Started process (PID=246) to work on /opt/airflow/dags/etl_pipeline.py
[2025-06-13T18:18:35.019+0000] {processor.py:829} INFO - Processing file /opt/airflow/dags/etl_pipeline.py for tasks to queue
[2025-06-13T18:18:35.021+0000] {logging_mixin.py:151} INFO - [2025-06-13T18:18:35.021+0000] {dagbag.py:539} INFO - Filling up the DagBag from /opt/airflow/dags/etl_pipeline.py
[2025-06-13T18:18:35.102+0000] {processor.py:839} INFO - DAG(s) dict_keys(['etl_pipeline']) retrieved from /opt/airflow/dags/etl_pipeline.py
[2025-06-13T18:18:35.149+0000] {logging_mixin.py:151} INFO - [2025-06-13T18:18:35.148+0000] {dag.py:2915} INFO - Sync 1 DAGs
[2025-06-13T18:18:35.208+0000] {logging_mixin.py:151} INFO - [2025-06-13T18:18:35.207+0000] {dag.py:3696} INFO - Setting next_dagrun for etl_pipeline to 2025-06-13T12:18:35.207171+00:00, run_after=2025-06-13T18:18:35.207171+00:00
[2025-06-13T18:18:35.254+0000] {processor.py:179} INFO - Processing /opt/airflow/dags/etl_pipeline.py took 0.241 seconds
[2025-06-13T18:19:05.535+0000] {processor.py:157} INFO - Started process (PID=265) to work on /opt/airflow/dags/etl_pipeline.py
[2025-06-13T18:19:05.539+0000] {processor.py:829} INFO - Processing file /opt/airflow/dags/etl_pipeline.py for tasks to queue
[2025-06-13T18:19:05.542+0000] {logging_mixin.py:151} INFO - [2025-06-13T18:19:05.542+0000] {dagbag.py:539} INFO - Filling up the DagBag from /opt/airflow/dags/etl_pipeline.py
[2025-06-13T18:19:05.626+0000] {processor.py:839} INFO - DAG(s) dict_keys(['etl_pipeline']) retrieved from /opt/airflow/dags/etl_pipeline.py
[2025-06-13T18:19:05.675+0000] {logging_mixin.py:151} INFO - [2025-06-13T18:19:05.675+0000] {dag.py:2915} INFO - Sync 1 DAGs
[2025-06-13T18:19:06.025+0000] {logging_mixin.py:151} INFO - [2025-06-13T18:19:06.024+0000] {dag.py:3696} INFO - Setting next_dagrun for etl_pipeline to 2025-06-13T12:19:06.024699+00:00, run_after=2025-06-13T18:19:06.024699+00:00
[2025-06-13T18:19:06.063+0000] {processor.py:179} INFO - Processing /opt/airflow/dags/etl_pipeline.py took 0.535 seconds
[2025-06-13T18:19:36.213+0000] {processor.py:157} INFO - Started process (PID=291) to work on /opt/airflow/dags/etl_pipeline.py
[2025-06-13T18:19:36.216+0000] {processor.py:829} INFO - Processing file /opt/airflow/dags/etl_pipeline.py for tasks to queue
[2025-06-13T18:19:36.217+0000] {logging_mixin.py:151} INFO - [2025-06-13T18:19:36.217+0000] {dagbag.py:539} INFO - Filling up the DagBag from /opt/airflow/dags/etl_pipeline.py
[2025-06-13T18:19:36.297+0000] {processor.py:839} INFO - DAG(s) dict_keys(['etl_pipeline']) retrieved from /opt/airflow/dags/etl_pipeline.py
[2025-06-13T18:19:36.337+0000] {logging_mixin.py:151} INFO - [2025-06-13T18:19:36.336+0000] {dag.py:2915} INFO - Sync 1 DAGs
[2025-06-13T18:19:36.483+0000] {logging_mixin.py:151} INFO - [2025-06-13T18:19:36.482+0000] {dag.py:3696} INFO - Setting next_dagrun for etl_pipeline to 2025-06-13T12:19:36.482686+00:00, run_after=2025-06-13T18:19:36.482686+00:00
[2025-06-13T18:19:36.509+0000] {processor.py:179} INFO - Processing /opt/airflow/dags/etl_pipeline.py took 0.301 seconds
[2025-06-13T18:20:07.032+0000] {processor.py:157} INFO - Started process (PID=311) to work on /opt/airflow/dags/etl_pipeline.py
[2025-06-13T18:20:07.034+0000] {processor.py:829} INFO - Processing file /opt/airflow/dags/etl_pipeline.py for tasks to queue
[2025-06-13T18:20:07.035+0000] {logging_mixin.py:151} INFO - [2025-06-13T18:20:07.035+0000] {dagbag.py:539} INFO - Filling up the DagBag from /opt/airflow/dags/etl_pipeline.py
[2025-06-13T18:20:07.105+0000] {processor.py:839} INFO - DAG(s) dict_keys(['etl_pipeline']) retrieved from /opt/airflow/dags/etl_pipeline.py
[2025-06-13T18:20:07.278+0000] {logging_mixin.py:151} INFO - [2025-06-13T18:20:07.278+0000] {dag.py:2915} INFO - Sync 1 DAGs
[2025-06-13T18:20:07.295+0000] {logging_mixin.py:151} INFO - [2025-06-13T18:20:07.295+0000] {dag.py:3696} INFO - Setting next_dagrun for etl_pipeline to 2025-06-13T12:20:07.294943+00:00, run_after=2025-06-13T18:20:07.294943+00:00
[2025-06-13T18:20:07.326+0000] {processor.py:179} INFO - Processing /opt/airflow/dags/etl_pipeline.py took 0.298 seconds
[2025-06-13T18:20:37.744+0000] {processor.py:157} INFO - Started process (PID=337) to work on /opt/airflow/dags/etl_pipeline.py
[2025-06-13T18:20:37.747+0000] {processor.py:829} INFO - Processing file /opt/airflow/dags/etl_pipeline.py for tasks to queue
[2025-06-13T18:20:37.748+0000] {logging_mixin.py:151} INFO - [2025-06-13T18:20:37.748+0000] {dagbag.py:539} INFO - Filling up the DagBag from /opt/airflow/dags/etl_pipeline.py
[2025-06-13T18:20:37.769+0000] {processor.py:839} INFO - DAG(s) dict_keys(['etl_pipeline']) retrieved from /opt/airflow/dags/etl_pipeline.py
[2025-06-13T18:20:37.801+0000] {logging_mixin.py:151} INFO - [2025-06-13T18:20:37.800+0000] {dag.py:2915} INFO - Sync 1 DAGs
[2025-06-13T18:20:37.832+0000] {logging_mixin.py:151} INFO - [2025-06-13T18:20:37.832+0000] {dag.py:3696} INFO - Setting next_dagrun for etl_pipeline to 2025-06-13T12:20:37.831706+00:00, run_after=2025-06-13T18:20:37.831706+00:00
[2025-06-13T18:20:37.863+0000] {processor.py:179} INFO - Processing /opt/airflow/dags/etl_pipeline.py took 0.123 seconds
[2025-06-13T18:21:08.300+0000] {processor.py:157} INFO - Started process (PID=356) to work on /opt/airflow/dags/etl_pipeline.py
[2025-06-13T18:21:08.305+0000] {processor.py:829} INFO - Processing file /opt/airflow/dags/etl_pipeline.py for tasks to queue
[2025-06-13T18:21:08.309+0000] {logging_mixin.py:151} INFO - [2025-06-13T18:21:08.308+0000] {dagbag.py:539} INFO - Filling up the DagBag from /opt/airflow/dags/etl_pipeline.py
[2025-06-13T18:21:08.412+0000] {processor.py:839} INFO - DAG(s) dict_keys(['etl_pipeline']) retrieved from /opt/airflow/dags/etl_pipeline.py
[2025-06-13T18:21:08.475+0000] {logging_mixin.py:151} INFO - [2025-06-13T18:21:08.475+0000] {dag.py:2915} INFO - Sync 1 DAGs
[2025-06-13T18:21:08.513+0000] {logging_mixin.py:151} INFO - [2025-06-13T18:21:08.513+0000] {dag.py:3696} INFO - Setting next_dagrun for etl_pipeline to 2025-06-13T12:21:08.513166+00:00, run_after=2025-06-13T18:21:08.513166+00:00
[2025-06-13T18:21:08.563+0000] {processor.py:179} INFO - Processing /opt/airflow/dags/etl_pipeline.py took 0.274 seconds
[2025-06-13T18:21:38.812+0000] {processor.py:157} INFO - Started process (PID=382) to work on /opt/airflow/dags/etl_pipeline.py
[2025-06-13T18:21:38.814+0000] {processor.py:829} INFO - Processing file /opt/airflow/dags/etl_pipeline.py for tasks to queue
[2025-06-13T18:21:38.816+0000] {logging_mixin.py:151} INFO - [2025-06-13T18:21:38.815+0000] {dagbag.py:539} INFO - Filling up the DagBag from /opt/airflow/dags/etl_pipeline.py
[2025-06-13T18:21:38.862+0000] {processor.py:839} INFO - DAG(s) dict_keys(['etl_pipeline']) retrieved from /opt/airflow/dags/etl_pipeline.py
[2025-06-13T18:21:38.907+0000] {logging_mixin.py:151} INFO - [2025-06-13T18:21:38.907+0000] {dag.py:2915} INFO - Sync 1 DAGs
[2025-06-13T18:21:38.941+0000] {logging_mixin.py:151} INFO - [2025-06-13T18:21:38.941+0000] {dag.py:3696} INFO - Setting next_dagrun for etl_pipeline to 2025-06-13T12:21:38.940544+00:00, run_after=2025-06-13T18:21:38.940544+00:00
[2025-06-13T18:21:38.970+0000] {processor.py:179} INFO - Processing /opt/airflow/dags/etl_pipeline.py took 0.164 seconds
[2025-06-13T18:22:09.314+0000] {processor.py:157} INFO - Started process (PID=401) to work on /opt/airflow/dags/etl_pipeline.py
[2025-06-13T18:22:09.319+0000] {processor.py:829} INFO - Processing file /opt/airflow/dags/etl_pipeline.py for tasks to queue
[2025-06-13T18:22:09.321+0000] {logging_mixin.py:151} INFO - [2025-06-13T18:22:09.321+0000] {dagbag.py:539} INFO - Filling up the DagBag from /opt/airflow/dags/etl_pipeline.py
[2025-06-13T18:22:09.362+0000] {processor.py:839} INFO - DAG(s) dict_keys(['etl_pipeline']) retrieved from /opt/airflow/dags/etl_pipeline.py
[2025-06-13T18:22:09.415+0000] {logging_mixin.py:151} INFO - [2025-06-13T18:22:09.415+0000] {dag.py:2915} INFO - Sync 1 DAGs
[2025-06-13T18:22:09.444+0000] {logging_mixin.py:151} INFO - [2025-06-13T18:22:09.444+0000] {dag.py:3696} INFO - Setting next_dagrun for etl_pipeline to 2025-06-13T12:22:09.444030+00:00, run_after=2025-06-13T18:22:09.444030+00:00
[2025-06-13T18:22:09.524+0000] {processor.py:179} INFO - Processing /opt/airflow/dags/etl_pipeline.py took 0.216 seconds
[2025-06-13T18:22:40.015+0000] {processor.py:157} INFO - Started process (PID=427) to work on /opt/airflow/dags/etl_pipeline.py
[2025-06-13T18:22:40.017+0000] {processor.py:829} INFO - Processing file /opt/airflow/dags/etl_pipeline.py for tasks to queue
[2025-06-13T18:22:40.019+0000] {logging_mixin.py:151} INFO - [2025-06-13T18:22:40.019+0000] {dagbag.py:539} INFO - Filling up the DagBag from /opt/airflow/dags/etl_pipeline.py
[2025-06-13T18:22:40.057+0000] {processor.py:839} INFO - DAG(s) dict_keys(['etl_pipeline']) retrieved from /opt/airflow/dags/etl_pipeline.py
[2025-06-13T18:22:40.101+0000] {logging_mixin.py:151} INFO - [2025-06-13T18:22:40.100+0000] {dag.py:2915} INFO - Sync 1 DAGs
[2025-06-13T18:22:40.125+0000] {logging_mixin.py:151} INFO - [2025-06-13T18:22:40.125+0000] {dag.py:3696} INFO - Setting next_dagrun for etl_pipeline to 2025-06-13T12:22:40.125261+00:00, run_after=2025-06-13T18:22:40.125261+00:00
[2025-06-13T18:22:40.148+0000] {processor.py:179} INFO - Processing /opt/airflow/dags/etl_pipeline.py took 0.137 seconds
[2025-06-13T18:23:10.535+0000] {processor.py:157} INFO - Started process (PID=447) to work on /opt/airflow/dags/etl_pipeline.py
[2025-06-13T18:23:10.539+0000] {processor.py:829} INFO - Processing file /opt/airflow/dags/etl_pipeline.py for tasks to queue
[2025-06-13T18:23:10.540+0000] {logging_mixin.py:151} INFO - [2025-06-13T18:23:10.540+0000] {dagbag.py:539} INFO - Filling up the DagBag from /opt/airflow/dags/etl_pipeline.py
[2025-06-13T18:23:10.575+0000] {processor.py:839} INFO - DAG(s) dict_keys(['etl_pipeline']) retrieved from /opt/airflow/dags/etl_pipeline.py
[2025-06-13T18:23:10.606+0000] {logging_mixin.py:151} INFO - [2025-06-13T18:23:10.606+0000] {dag.py:2915} INFO - Sync 1 DAGs
[2025-06-13T18:23:10.627+0000] {logging_mixin.py:151} INFO - [2025-06-13T18:23:10.627+0000] {dag.py:3696} INFO - Setting next_dagrun for etl_pipeline to 2025-06-13T12:23:10.627428+00:00, run_after=2025-06-13T18:23:10.627428+00:00
[2025-06-13T18:23:10.646+0000] {processor.py:179} INFO - Processing /opt/airflow/dags/etl_pipeline.py took 0.117 seconds
[2025-06-13T18:23:41.132+0000] {processor.py:157} INFO - Started process (PID=473) to work on /opt/airflow/dags/etl_pipeline.py
[2025-06-13T18:23:41.134+0000] {processor.py:829} INFO - Processing file /opt/airflow/dags/etl_pipeline.py for tasks to queue
[2025-06-13T18:23:41.136+0000] {logging_mixin.py:151} INFO - [2025-06-13T18:23:41.135+0000] {dagbag.py:539} INFO - Filling up the DagBag from /opt/airflow/dags/etl_pipeline.py
[2025-06-13T18:23:41.157+0000] {processor.py:839} INFO - DAG(s) dict_keys(['etl_pipeline']) retrieved from /opt/airflow/dags/etl_pipeline.py
[2025-06-13T18:23:41.188+0000] {logging_mixin.py:151} INFO - [2025-06-13T18:23:41.188+0000] {dag.py:2915} INFO - Sync 1 DAGs
[2025-06-13T18:23:41.210+0000] {logging_mixin.py:151} INFO - [2025-06-13T18:23:41.210+0000] {dag.py:3696} INFO - Setting next_dagrun for etl_pipeline to 2025-06-13T12:23:41.210398+00:00, run_after=2025-06-13T18:23:41.210398+00:00
[2025-06-13T18:23:41.308+0000] {processor.py:179} INFO - Processing /opt/airflow/dags/etl_pipeline.py took 0.179 seconds
[2025-06-13T18:24:11.665+0000] {processor.py:157} INFO - Started process (PID=492) to work on /opt/airflow/dags/etl_pipeline.py
[2025-06-13T18:24:11.668+0000] {processor.py:829} INFO - Processing file /opt/airflow/dags/etl_pipeline.py for tasks to queue
[2025-06-13T18:24:11.670+0000] {logging_mixin.py:151} INFO - [2025-06-13T18:24:11.670+0000] {dagbag.py:539} INFO - Filling up the DagBag from /opt/airflow/dags/etl_pipeline.py
[2025-06-13T18:24:11.734+0000] {processor.py:839} INFO - DAG(s) dict_keys(['etl_pipeline']) retrieved from /opt/airflow/dags/etl_pipeline.py
[2025-06-13T18:24:11.767+0000] {logging_mixin.py:151} INFO - [2025-06-13T18:24:11.767+0000] {dag.py:2915} INFO - Sync 1 DAGs
[2025-06-13T18:24:11.793+0000] {logging_mixin.py:151} INFO - [2025-06-13T18:24:11.792+0000] {dag.py:3696} INFO - Setting next_dagrun for etl_pipeline to 2025-06-13T12:24:11.792539+00:00, run_after=2025-06-13T18:24:11.792539+00:00
[2025-06-13T18:24:11.819+0000] {processor.py:179} INFO - Processing /opt/airflow/dags/etl_pipeline.py took 0.160 seconds
[2025-06-13T18:24:42.272+0000] {processor.py:157} INFO - Started process (PID=518) to work on /opt/airflow/dags/etl_pipeline.py
[2025-06-13T18:24:42.274+0000] {processor.py:829} INFO - Processing file /opt/airflow/dags/etl_pipeline.py for tasks to queue
[2025-06-13T18:24:42.277+0000] {logging_mixin.py:151} INFO - [2025-06-13T18:24:42.276+0000] {dagbag.py:539} INFO - Filling up the DagBag from /opt/airflow/dags/etl_pipeline.py
[2025-06-13T18:24:42.333+0000] {processor.py:839} INFO - DAG(s) dict_keys(['etl_pipeline']) retrieved from /opt/airflow/dags/etl_pipeline.py
[2025-06-13T18:24:42.383+0000] {logging_mixin.py:151} INFO - [2025-06-13T18:24:42.383+0000] {dag.py:2915} INFO - Sync 1 DAGs
[2025-06-13T18:24:42.413+0000] {logging_mixin.py:151} INFO - [2025-06-13T18:24:42.413+0000] {dag.py:3696} INFO - Setting next_dagrun for etl_pipeline to 2025-06-13T12:24:42.412765+00:00, run_after=2025-06-13T18:24:42.412765+00:00
[2025-06-13T18:24:42.442+0000] {processor.py:179} INFO - Processing /opt/airflow/dags/etl_pipeline.py took 0.175 seconds
[2025-06-13T18:25:12.804+0000] {processor.py:157} INFO - Started process (PID=537) to work on /opt/airflow/dags/etl_pipeline.py
[2025-06-13T18:25:12.807+0000] {processor.py:829} INFO - Processing file /opt/airflow/dags/etl_pipeline.py for tasks to queue
[2025-06-13T18:25:12.810+0000] {logging_mixin.py:151} INFO - [2025-06-13T18:25:12.810+0000] {dagbag.py:539} INFO - Filling up the DagBag from /opt/airflow/dags/etl_pipeline.py
[2025-06-13T18:25:12.899+0000] {processor.py:839} INFO - DAG(s) dict_keys(['etl_pipeline']) retrieved from /opt/airflow/dags/etl_pipeline.py
[2025-06-13T18:25:12.970+0000] {logging_mixin.py:151} INFO - [2025-06-13T18:25:12.969+0000] {dag.py:2915} INFO - Sync 1 DAGs
[2025-06-13T18:25:12.997+0000] {logging_mixin.py:151} INFO - [2025-06-13T18:25:12.997+0000] {dag.py:3696} INFO - Setting next_dagrun for etl_pipeline to 2025-06-13T12:25:12.996816+00:00, run_after=2025-06-13T18:25:12.996816+00:00
[2025-06-13T18:25:13.025+0000] {processor.py:179} INFO - Processing /opt/airflow/dags/etl_pipeline.py took 0.225 seconds
[2025-06-13T18:25:43.467+0000] {processor.py:157} INFO - Started process (PID=562) to work on /opt/airflow/dags/etl_pipeline.py
[2025-06-13T18:25:43.470+0000] {processor.py:829} INFO - Processing file /opt/airflow/dags/etl_pipeline.py for tasks to queue
[2025-06-13T18:25:43.472+0000] {logging_mixin.py:151} INFO - [2025-06-13T18:25:43.471+0000] {dagbag.py:539} INFO - Filling up the DagBag from /opt/airflow/dags/etl_pipeline.py
[2025-06-13T18:25:43.535+0000] {processor.py:839} INFO - DAG(s) dict_keys(['etl_pipeline']) retrieved from /opt/airflow/dags/etl_pipeline.py
[2025-06-13T18:25:43.572+0000] {logging_mixin.py:151} INFO - [2025-06-13T18:25:43.572+0000] {dag.py:2915} INFO - Sync 1 DAGs
[2025-06-13T18:25:43.596+0000] {logging_mixin.py:151} INFO - [2025-06-13T18:25:43.595+0000] {dag.py:3696} INFO - Setting next_dagrun for etl_pipeline to 2025-06-13T12:25:43.595617+00:00, run_after=2025-06-13T18:25:43.595617+00:00
[2025-06-13T18:25:43.630+0000] {processor.py:179} INFO - Processing /opt/airflow/dags/etl_pipeline.py took 0.166 seconds
[2025-06-13T18:26:14.052+0000] {processor.py:157} INFO - Started process (PID=581) to work on /opt/airflow/dags/etl_pipeline.py
[2025-06-13T18:26:14.056+0000] {processor.py:829} INFO - Processing file /opt/airflow/dags/etl_pipeline.py for tasks to queue
[2025-06-13T18:26:14.058+0000] {logging_mixin.py:151} INFO - [2025-06-13T18:26:14.058+0000] {dagbag.py:539} INFO - Filling up the DagBag from /opt/airflow/dags/etl_pipeline.py
[2025-06-13T18:26:14.141+0000] {processor.py:839} INFO - DAG(s) dict_keys(['etl_pipeline']) retrieved from /opt/airflow/dags/etl_pipeline.py
[2025-06-13T18:26:14.184+0000] {logging_mixin.py:151} INFO - [2025-06-13T18:26:14.183+0000] {dag.py:2915} INFO - Sync 1 DAGs
[2025-06-13T18:26:14.212+0000] {logging_mixin.py:151} INFO - [2025-06-13T18:26:14.212+0000] {dag.py:3696} INFO - Setting next_dagrun for etl_pipeline to 2025-06-13T12:26:14.212368+00:00, run_after=2025-06-13T18:26:14.212368+00:00
[2025-06-13T18:26:14.234+0000] {processor.py:179} INFO - Processing /opt/airflow/dags/etl_pipeline.py took 0.190 seconds
[2025-06-13T18:26:44.601+0000] {processor.py:157} INFO - Started process (PID=607) to work on /opt/airflow/dags/etl_pipeline.py
[2025-06-13T18:26:44.604+0000] {processor.py:829} INFO - Processing file /opt/airflow/dags/etl_pipeline.py for tasks to queue
[2025-06-13T18:26:44.606+0000] {logging_mixin.py:151} INFO - [2025-06-13T18:26:44.606+0000] {dagbag.py:539} INFO - Filling up the DagBag from /opt/airflow/dags/etl_pipeline.py
[2025-06-13T18:26:44.664+0000] {processor.py:839} INFO - DAG(s) dict_keys(['etl_pipeline']) retrieved from /opt/airflow/dags/etl_pipeline.py
[2025-06-13T18:26:44.699+0000] {logging_mixin.py:151} INFO - [2025-06-13T18:26:44.699+0000] {dag.py:2915} INFO - Sync 1 DAGs
[2025-06-13T18:26:44.721+0000] {logging_mixin.py:151} INFO - [2025-06-13T18:26:44.720+0000] {dag.py:3696} INFO - Setting next_dagrun for etl_pipeline to 2025-06-13T12:26:44.720452+00:00, run_after=2025-06-13T18:26:44.720452+00:00
[2025-06-13T18:26:44.747+0000] {processor.py:179} INFO - Processing /opt/airflow/dags/etl_pipeline.py took 0.150 seconds
[2025-06-13T18:27:15.225+0000] {processor.py:157} INFO - Started process (PID=633) to work on /opt/airflow/dags/etl_pipeline.py
[2025-06-13T18:27:15.227+0000] {processor.py:829} INFO - Processing file /opt/airflow/dags/etl_pipeline.py for tasks to queue
[2025-06-13T18:27:15.229+0000] {logging_mixin.py:151} INFO - [2025-06-13T18:27:15.229+0000] {dagbag.py:539} INFO - Filling up the DagBag from /opt/airflow/dags/etl_pipeline.py
[2025-06-13T18:27:15.269+0000] {processor.py:839} INFO - DAG(s) dict_keys(['etl_pipeline']) retrieved from /opt/airflow/dags/etl_pipeline.py
[2025-06-13T18:27:15.310+0000] {logging_mixin.py:151} INFO - [2025-06-13T18:27:15.310+0000] {dag.py:2915} INFO - Sync 1 DAGs
[2025-06-13T18:27:15.336+0000] {logging_mixin.py:151} INFO - [2025-06-13T18:27:15.336+0000] {dag.py:3696} INFO - Setting next_dagrun for etl_pipeline to 2025-06-13T12:27:15.336421+00:00, run_after=2025-06-13T18:27:15.336421+00:00
[2025-06-13T18:27:15.359+0000] {processor.py:179} INFO - Processing /opt/airflow/dags/etl_pipeline.py took 0.138 seconds
[2025-06-13T18:27:45.757+0000] {processor.py:157} INFO - Started process (PID=652) to work on /opt/airflow/dags/etl_pipeline.py
[2025-06-13T18:27:45.759+0000] {processor.py:829} INFO - Processing file /opt/airflow/dags/etl_pipeline.py for tasks to queue
[2025-06-13T18:27:45.761+0000] {logging_mixin.py:151} INFO - [2025-06-13T18:27:45.761+0000] {dagbag.py:539} INFO - Filling up the DagBag from /opt/airflow/dags/etl_pipeline.py
[2025-06-13T18:27:45.815+0000] {processor.py:839} INFO - DAG(s) dict_keys(['etl_pipeline']) retrieved from /opt/airflow/dags/etl_pipeline.py
[2025-06-13T18:27:45.856+0000] {logging_mixin.py:151} INFO - [2025-06-13T18:27:45.855+0000] {dag.py:2915} INFO - Sync 1 DAGs
[2025-06-13T18:27:45.882+0000] {logging_mixin.py:151} INFO - [2025-06-13T18:27:45.882+0000] {dag.py:3696} INFO - Setting next_dagrun for etl_pipeline to 2025-06-13T12:27:45.882042+00:00, run_after=2025-06-13T18:27:45.882042+00:00
[2025-06-13T18:27:45.911+0000] {processor.py:179} INFO - Processing /opt/airflow/dags/etl_pipeline.py took 0.157 seconds
[2025-06-13T18:28:16.274+0000] {processor.py:157} INFO - Started process (PID=678) to work on /opt/airflow/dags/etl_pipeline.py
[2025-06-13T18:28:16.277+0000] {processor.py:829} INFO - Processing file /opt/airflow/dags/etl_pipeline.py for tasks to queue
[2025-06-13T18:28:16.278+0000] {logging_mixin.py:151} INFO - [2025-06-13T18:28:16.278+0000] {dagbag.py:539} INFO - Filling up the DagBag from /opt/airflow/dags/etl_pipeline.py
[2025-06-13T18:28:16.323+0000] {processor.py:839} INFO - DAG(s) dict_keys(['etl_pipeline']) retrieved from /opt/airflow/dags/etl_pipeline.py
[2025-06-13T18:28:16.360+0000] {logging_mixin.py:151} INFO - [2025-06-13T18:28:16.360+0000] {dag.py:2915} INFO - Sync 1 DAGs
[2025-06-13T18:28:16.390+0000] {logging_mixin.py:151} INFO - [2025-06-13T18:28:16.390+0000] {dag.py:3696} INFO - Setting next_dagrun for etl_pipeline to 2025-06-13T12:28:16.389993+00:00, run_after=2025-06-13T18:28:16.389993+00:00
[2025-06-13T18:28:16.417+0000] {processor.py:179} INFO - Processing /opt/airflow/dags/etl_pipeline.py took 0.147 seconds
